app/build/intermediates/manifest_merge_blame_file/debug/manifest-merger-blame-debug-report.txt
1<?xml version="1.0" encoding="utf-8"?>
2<manifest xmlns:android="http://schemas.android.com/apk/res/android"
3    package="com.chiguruecospace.chiguru_mobile_app"
4    android:versionCode="1"
5    android:versionName="1.0" >
6
7    <uses-sdk
8        android:minSdkVersion="19"
8-->src/main/AndroidManifest.xml
9        android:targetSdkVersion="29" />
9-->src/main/AndroidManifest.xml
10
11    <uses-permission android:name="android.permission.CAMERA" />
11-->src/main/AndroidManifest.xml:5:5-65
11-->src/main/AndroidManifest.xml:5:22-62
12
13    <uses-feature android:name="android.hardware.camera" />
13-->src/main/AndroidManifest.xml:7:5-60
13-->src/main/AndroidManifest.xml:7:19-57
14    <uses-feature android:name="android.hardware.camera.autofocus" />
14-->src/main/AndroidManifest.xml:8:5-70
14-->src/main/AndroidManifest.xml:8:19-67
15
16    <!-- Although the *SdkVersion is captured in gradle build files, this is required for non gradle builds -->
17    <!-- <uses-sdk android:minSdkVersion="14" /> -->
18    <uses-permission android:name="android.permission.ACCESS_NETWORK_STATE" />
18-->[com.google.firebase:firebase-firestore:21.4.1] AndroidManifest.xml:13:5-79
18-->[com.google.firebase:firebase-firestore:21.4.1] AndroidManifest.xml:13:22-76
19    <uses-permission android:name="android.permission.INTERNET" />
19-->[com.google.firebase:firebase-firestore:21.4.1] AndroidManifest.xml:14:5-67
19-->[com.google.firebase:firebase-firestore:21.4.1] AndroidManifest.xml:14:22-64
20    <uses-permission android:name="android.permission.WAKE_LOCK" /> <!-- Required by older versions of Google Play services to create IID tokens -->
20-->[com.google.android.gms:play-services-measurement-api:17.2.2] AndroidManifest.xml:24:5-68
20-->[com.google.android.gms:play-services-measurement-api:17.2.2] AndroidManifest.xml:24:22-65
21    <uses-permission android:name="com.google.android.c2dm.permission.RECEIVE" />
21-->[com.google.firebase:firebase-iid:20.0.2] AndroidManifest.xml:26:5-82
21-->[com.google.firebase:firebase-iid:20.0.2] AndroidManifest.xml:26:22-79
22    <uses-permission android:name="com.google.android.finsky.permission.BIND_GET_INSTALL_REFERRER_SERVICE" />
22-->[com.google.android.gms:play-services-measurement:17.2.2] AndroidManifest.xml:26:5-110
22-->[com.google.android.gms:play-services-measurement:17.2.2] AndroidManifest.xml:26:22-107
23
24    <application
24-->src/main/AndroidManifest.xml:10:5-30:19
25        android:name="androidx.multidex.MultiDexApplication"
26        android:allowBackup="true"
26-->src/main/AndroidManifest.xml:11:9-35
27        android:appComponentFactory="androidx.core.app.CoreComponentFactory"
27-->[androidx.core:core:1.0.1] AndroidManifest.xml:22:18-86
28        android:debuggable="true"
29        android:icon="@mipmap/ic_launcher"
29-->src/main/AndroidManifest.xml:12:9-43
30        android:label="@string/app_name"
30-->src/main/AndroidManifest.xml:13:9-41
31        android:roundIcon="@mipmap/ic_launcher_round"
31-->src/main/AndroidManifest.xml:14:9-54
32        android:supportsRtl="true"
32-->src/main/AndroidManifest.xml:15:9-35
33        android:testOnly="true"
34        android:theme="@style/AppTheme" >
34-->src/main/AndroidManifest.xml:16:9-40
35        <activity
35-->src/main/AndroidManifest.xml:17:9-18:52
36            android:name="com.chiguruecospace.chiguru_mobile_app.ScannedItemDisplay"
36-->src/main/AndroidManifest.xml:17:19-53
37            android:parentActivityName="com.chiguruecospace.chiguru_mobile_app.Scanner" />
37-->src/main/AndroidManifest.xml:18:13-50
38        <activity android:name="com.chiguruecospace.chiguru_mobile_app.Scanner" />
38-->src/main/AndroidManifest.xml:19:9-45
38-->src/main/AndroidManifest.xml:19:19-42
39        <activity
39-->src/main/AndroidManifest.xml:20:9-29:20
40            android:name="com.chiguruecospace.chiguru_mobile_app.MainActivity"
40-->src/main/AndroidManifest.xml:21:13-41
41            android:label="@string/app_name"
41-->src/main/AndroidManifest.xml:22:13-45
42            android:theme="@style/AppTheme.NoActionBar" >
42-->src/main/AndroidManifest.xml:23:13-56
43            <intent-filter>
43-->src/main/AndroidManifest.xml:24:13-28:29
44                <action android:name="android.intent.action.MAIN" />
44-->src/main/AndroidManifest.xml:25:17-69
44-->src/main/AndroidManifest.xml:25:25-66
45
46                <category android:name="android.intent.category.LAUNCHER" />
46-->src/main/AndroidManifest.xml:27:17-77
46-->src/main/AndroidManifest.xml:27:27-74
47            </intent-filter>
48        </activity>
49        <activity
49-->[com.karumi:dexter:5.0.0] AndroidManifest.xml:27:9-29:72
50            android:name="com.karumi.dexter.DexterActivity"
50-->[com.karumi:dexter:5.0.0] AndroidManifest.xml:28:13-60
51            android:theme="@style/Dexter.Internal.Theme.Transparent" />
51-->[com.karumi:dexter:5.0.0] AndroidManifest.xml:29:13-69
52
53        <service
53-->[com.google.firebase:firebase-firestore:21.4.1] AndroidManifest.xml:17:9-23:19
54            android:name="com.google.firebase.components.ComponentDiscoveryService"
54-->[com.google.firebase:firebase-firestore:21.4.1] AndroidManifest.xml:18:13-84
55            android:directBootAware="true"
55-->[com.google.firebase:firebase-common:19.3.0] AndroidManifest.xml:34:13-43
56            android:exported="false" >
56-->[com.google.firebase:firebase-firestore:21.4.1] AndroidManifest.xml:19:13-37
57            <meta-data
57-->[com.google.firebase:firebase-firestore:21.4.1] AndroidManifest.xml:20:13-22:85
58                android:name="com.google.firebase.components:com.google.firebase.firestore.FirestoreRegistrar"
58-->[com.google.firebase:firebase-firestore:21.4.1] AndroidManifest.xml:21:17-111
59                android:value="com.google.firebase.components.ComponentRegistrar" />
59-->[com.google.firebase:firebase-firestore:21.4.1] AndroidManifest.xml:22:17-82
60            <meta-data
60-->[com.google.android.gms:play-services-measurement-api:17.2.2] AndroidManifest.xml:30:13-32:85
61                android:name="com.google.firebase.components:com.google.firebase.analytics.connector.internal.AnalyticsConnectorRegistrar"
61-->[com.google.android.gms:play-services-measurement-api:17.2.2] AndroidManifest.xml:31:17-139
62                android:value="com.google.firebase.components.ComponentRegistrar" />
62-->[com.google.android.gms:play-services-measurement-api:17.2.2] AndroidManifest.xml:32:17-82
63            <meta-data
63-->[com.google.firebase:firebase-iid:20.0.2] AndroidManifest.xml:32:13-34:85
64                android:name="com.google.firebase.components:com.google.firebase.iid.Registrar"
64-->[com.google.firebase:firebase-iid:20.0.2] AndroidManifest.xml:33:17-96
65                android:value="com.google.firebase.components.ComponentRegistrar" />
65-->[com.google.firebase:firebase-iid:20.0.2] AndroidManifest.xml:34:17-82
66        </service>
67
68        <receiver
68-->[com.google.firebase:firebase-iid:20.0.2] AndroidManifest.xml:37:9-44:20
69            android:name="com.google.firebase.iid.FirebaseInstanceIdReceiver"
69-->[com.google.firebase:firebase-iid:20.0.2] AndroidManifest.xml:38:13-78
70            android:exported="true"
70-->[com.google.firebase:firebase-iid:20.0.2] AndroidManifest.xml:39:13-36
71            android:permission="com.google.android.c2dm.permission.SEND" >
71-->[com.google.firebase:firebase-iid:20.0.2] AndroidManifest.xml:40:13-73
72            <intent-filter>
72-->[com.google.firebase:firebase-iid:20.0.2] AndroidManifest.xml:41:13-43:29
73                <action android:name="com.google.android.c2dm.intent.RECEIVE" />
73-->[com.google.firebase:firebase-iid:20.0.2] AndroidManifest.xml:42:17-81
73-->[com.google.firebase:firebase-iid:20.0.2] AndroidManifest.xml:42:25-78
74            </intent-filter>
75        </receiver>
76
77        <activity
77-->[com.google.android.gms:play-services-base:17.0.0] AndroidManifest.xml:23:9-26:75
78            android:name="com.google.android.gms.common.api.GoogleApiActivity"
78-->[com.google.android.gms:play-services-base:17.0.0] AndroidManifest.xml:24:13-79
79            android:exported="false"
79-->[com.google.android.gms:play-services-base:17.0.0] AndroidManifest.xml:25:13-37
80            android:theme="@android:style/Theme.Translucent.NoTitleBar" />
80-->[com.google.android.gms:play-services-base:17.0.0] AndroidManifest.xml:26:13-72
81
82        <receiver
82-->[com.google.android.gms:play-services-measurement:17.2.2] AndroidManifest.xml:29:9-33:20
83            android:name="com.google.android.gms.measurement.AppMeasurementReceiver"
83-->[com.google.android.gms:play-services-measurement:17.2.2] AndroidManifest.xml:30:13-85
84            android:enabled="true"
84-->[com.google.android.gms:play-services-measurement:17.2.2] AndroidManifest.xml:31:13-35
85            android:exported="false" >
85-->[com.google.android.gms:play-services-measurement:17.2.2] AndroidManifest.xml:32:13-37
86        </receiver>
87        <receiver
87-->[com.google.android.gms:play-services-measurement:17.2.2] AndroidManifest.xml:34:9-42:20
88            android:name="com.google.android.gms.measurement.AppMeasurementInstallReferrerReceiver"
88-->[com.google.android.gms:play-services-measurement:17.2.2] AndroidManifest.xml:35:13-100
89            android:enabled="true"
89-->[com.google.android.gms:play-services-measurement:17.2.2] AndroidManifest.xml:36:13-35
90            android:exported="true"
90-->[com.google.android.gms:play-services-measurement:17.2.2] AndroidManifest.xml:37:13-36
91            android:permission="android.permission.INSTALL_PACKAGES" >
91-->[com.google.android.gms:play-services-measurement:17.2.2] AndroidManifest.xml:38:13-69
92            <intent-filter>
92-->[com.google.android.gms:play-services-measurement:17.2.2] AndroidManifest.xml:39:13-41:29
93                <action android:name="com.android.vending.INSTALL_REFERRER" />
93-->[com.google.android.gms:play-services-measurement:17.2.2] AndroidManifest.xml:40:17-79
93-->[com.google.android.gms:play-services-measurement:17.2.2] AndroidManifest.xml:40:25-76
94            </intent-filter>
95        </receiver>
96
97        <service
97-->[com.google.android.gms:play-services-measurement:17.2.2] AndroidManifest.xml:44:9-47:40
98            android:name="com.google.android.gms.measurement.AppMeasurementService"
98-->[com.google.android.gms:play-services-measurement:17.2.2] AndroidManifest.xml:45:13-84
99            android:enabled="true"
99-->[com.google.android.gms:play-services-measurement:17.2.2] AndroidManifest.xml:46:13-35
100            android:exported="false" />
100-->[com.google.android.gms:play-services-measurement:17.2.2] AndroidManifest.xml:47:13-37
101        <service
101-->[com.google.android.gms:play-services-measurement:17.2.2] AndroidManifest.xml:48:9-52:72
102            android:name="com.google.android.gms.measurement.AppMeasurementJobService"
102-->[com.google.android.gms:play-services-measurement:17.2.2] AndroidManifest.xml:49:13-87
103            android:enabled="true"
103-->[com.google.android.gms:play-services-measurement:17.2.2] AndroidManifest.xml:50:13-35
104            android:exported="false"
104-->[com.google.android.gms:play-services-measurement:17.2.2] AndroidManifest.xml:51:13-37
105            android:permission="android.permission.BIND_JOB_SERVICE" />
105-->[com.google.android.gms:play-services-measurement:17.2.2] AndroidManifest.xml:52:13-69
106
107        <provider
107-->[com.google.firebase:firebase-common:19.3.0] AndroidManifest.xml:26:9-30:39
108            android:name="com.google.firebase.provider.FirebaseInitProvider"
108-->[com.google.firebase:firebase-common:19.3.0] AndroidManifest.xml:27:13-77
109            android:authorities="com.chiguruecospace.chiguru_mobile_app.firebaseinitprovider"
109-->[com.google.firebase:firebase-common:19.3.0] AndroidManifest.xml:28:13-72
110            android:exported="false"
110-->[com.google.firebase:firebase-common:19.3.0] AndroidManifest.xml:29:13-37
111            android:initOrder="100" />
111-->[com.google.firebase:firebase-common:19.3.0] AndroidManifest.xml:30:13-36
112
113        <meta-data
113-->[com.google.android.gms:play-services-basement:17.0.0] AndroidManifest.xml:23:9-25:69
114            android:name="com.google.android.gms.version"
114-->[com.google.android.gms:play-services-basement:17.0.0] AndroidManifest.xml:24:13-58
115            android:value="@integer/google_play_services_version" />
115-->[com.google.android.gms:play-services-basement:17.0.0] AndroidManifest.xml:25:13-66
116
117        <provider
117-->[androidx.lifecycle:lifecycle-process:2.0.0] AndroidManifest.xml:23:9-27:43
118            android:name="androidx.lifecycle.ProcessLifecycleOwnerInitializer"
118-->[androidx.lifecycle:lifecycle-process:2.0.0] AndroidManifest.xml:24:13-79
119            android:authorities="com.chiguruecospace.chiguru_mobile_app.lifecycle-process"
119-->[androidx.lifecycle:lifecycle-process:2.0.0] AndroidManifest.xml:25:13-69
120            android:exported="false"
120-->[androidx.lifecycle:lifecycle-process:2.0.0] AndroidManifest.xml:26:13-37
121            android:multiprocess="true" />
121-->[androidx.lifecycle:lifecycle-process:2.0.0] AndroidManifest.xml:27:13-40
122    </application>
123
124</manifest>